make[1]: Entering directory '/root/surya/out'
  GEN     ./Makefile
scripts/kconfig/conf  --silentoldconfig Kconfig
  CHK     include/config/kernel.release
  UPD     include/config/kernel.release
  GEN     ./Makefile
  CHK     include/generated/uapi/linux/version.h
  UPD     include/generated/uapi/linux/version.h
  CHK     include/generated/utsrelease.h
  UPD     include/generated/utsrelease.h
  Using .. as source for kernel
  LDS     scripts/module-lto.lds
  CC      scripts/mod/empty.o
  CC      scripts/mod/devicetable-offsets.s
  CC      kernel/bounds.s
  MKELF   scripts/mod/elfconfig.h
  CHK     scripts/mod/devicetable-offsets.h
  CHK     include/generated/timeconst.h
  CHK     include/generated/bounds.h
  HOSTCC  scripts/mod/modpost.o
  HOSTCC  scripts/mod/sumversion.o
  CC      arch/arm64/kernel/asm-offsets.s
  HOSTCC  scripts/mod/file2alias.o
  CHK     include/generated/asm-offsets.h
  CALL    ../scripts/checksyscalls.sh
  LDS     arch/arm64/kernel/vdso/vdso.lds
  VDSOC   arch/arm64/kernel/vdso/vgettimeofday.o
  VDSOA   arch/arm64/kernel/vdso/note.o
  LD      arch/arm64/kernel/vdso/vdso.so.dbg
  VDSOSYM include/generated/vdso-offsets.h
  HOSTLD  scripts/mod/modpost
  LDS     arch/arm64/kernel/vdso32/vdso.lds
  VDSOC32   arch/arm64/kernel/vdso32/vgettimeofday.o
  VDSOL32   arch/arm64/kernel/vdso32/vdso.so.raw
  MUNGE   arch/arm64/kernel/vdso32/vdso.so.dbg
  VDSOSYM include/generated/vdso32-offsets.h
  AS      usr/initramfs_data.o
  AR      usr/built-in.o
  CHK     include/generated/compile.h
  CC      init/main.o
  CC      arch/arm64/net/bpf_jit_comp.o
  CC      init/do_mounts.o
  CC      init/do_mounts_rd.o
  CC      init/do_mounts_initrd.o
  CC      init/do_mounts_dm.o
  CC      init/noinitramfs.o
  CC      init/initramfs.o
  CC      init/calibrate.o
  CC      init/init_task.o
  CC      init/version.o
  CC      arch/arm64/mm/dma-mapping.o
  CC      arch/arm64/mm/extable.o
  CC      certs/system_keyring.o
  CC      arch/arm64/mm/fault.o
  CC      arch/arm64/mm/init.o
  AS      arch/arm64/mm/cache.o
  CC      arch/arm64/mm/copypage.o
  CC      arch/arm64/mm/flush.o
  CC      arch/arm64/crypto/sha1-ce-glue.o
  AS      arch/arm64/crypto/sha1-ce-core.o
  CC      arch/arm64/crypto/sha2-ce-glue.o
  CC      arch/arm64/mm/ioremap.o
  CC      arch/arm64/mm/mmap.o
  AS      arch/arm64/crypto/sha2-ce-core.o
  CC      arch/arm64/mm/pgd.o
  CC      arch/arm64/crypto/ghash-ce-glue.o
  CC      arch/arm64/mm/mmu.o
  AS      arch/arm64/crypto/ghash-ce-core.o
  AS      arch/arm64/crypto/aes-ce-core.o
  CC      arch/arm64/mm/context.o
  CC      arch/arm64/crypto/aes-ce-glue.o
  CC      arch/arm64/kernel/debug-monitors.o
  CC      arch/arm64/crypto/aes-ce-ccm-glue.o
  CC      security/commoncap.o
  AS      arch/arm64/mm/proc.o
  AS      arch/arm64/kernel/entry.o
  CC      security/min_addr.o
  AR      certs/built-in.o
  AS      arch/arm64/crypto/aes-ce-ccm-core.o
  CC      security/security.o
  CC      arch/arm64/kernel/irq.o
  CC      arch/arm64/crypto/aes-glue-ce.o
  CC      arch/arm64/mm/pageattr.o
  CC      arch/arm64/kernel/fpsimd.o
  AS      arch/arm64/kernel/entry-fpsimd.o
  CC      security/keys/gc.o
  AS      arch/arm64/crypto/aes-ce.o
  AR      arch/arm64/net/built-in.o
  CC      security/keys/key.o
  CC      arch/arm64/kernel/process.o
  CC      security/selinux/avc.o
  CC      arch/arm64/crypto/aes-glue-neon.o
  AS      arch/arm64/crypto/aes-neon.o
  CC      security/selinux/hooks.o
  CC      arch/arm64/kernel/ptrace.o
  CC      security/keys/keyring.o
  CC      arch/arm64/crypto/sha256-glue.o
  CC      security/selinux/selinuxfs.o
  AS      arch/arm64/crypto/aes-cipher-core.o
  CC      arch/arm64/kernel/setup.o
  CC      arch/arm64/crypto/aes-cipher-glue.o
  CC      kernel/fork.o
  CC      security/selinux/netlink.o
  CC      kernel/exec_domain.o
  CC      arch/arm64/kernel/signal.o
  CC      kernel/panic.o
  CC      kernel/cpu.o
  CC      security/keys/keyctl.o
  CC      arch/arm64/kernel/sys.o
  CC      kernel/exit.o
  CC      mm/filemap.o
  CC      techpack/stub/stub.o
  CC      mm/mempool.o
  CC      sound/sound_core.o
  CC      kernel/softirq.o
techpack/stub/.tmp_stub.o: no symbols
  AR      techpack/stub/built-in.o
  AR      init/mounts.o
  AR      arch/arm64/mm/built-in.o
  CC      fs/open.o
  AR      init/built-in.o
  CC      block/bio.o
  CC      security/selinux/nlmsgtab.o
  CC      arch/arm64/kernel/stacktrace.o
  CC      fs/read_write.o
  CC      arch/arm64/kernel/time.o
  CC      arch/arm64/kernel/traps.o
  CC      kernel/resource.o
  CC      security/keys/permission.o
  CC      arch/arm64/kernel/io.o
  CC      fs/file_table.o
  AR      arch/arm64/crypto/sha1-ce.o
  CC      arch/arm64/kernel/vdso.o
  AS      arch/arm64/kernel/hyp-stub.o
  CC      crypto/api.o
  CC      block/elevator.o
  AS      arch/arm64/lib/crc32.o
  AS      arch/arm64/lib/clear_page.o
  AR      arch/arm64/crypto/sha2-ce.o
  AS      arch/arm64/lib/clear_user.o
  CC      security/keys/process_keys.o
  CC      crypto/cipher.o
  CC      block/blk-core.o
  CC      mm/oom_kill.o
  CC      block/blk-tag.o
  CC      block/blk-sysfs.o
  AS      arch/arm64/lib/copy_from_user.o
  CC      arch/arm64/kernel/psci.o
  AR      arch/arm64/crypto/ghash-ce.o
  CC      net/socket.o
  CC      drivers/amba/bus.o
  CC      techpack/audio/ipc/apr.o
  AR      arch/arm64/crypto/aes-ce-cipher.o
  AS      arch/arm64/lib/copy_in_user.o
  AR      arch/arm64/crypto/aes-ce-ccm.o
  CC      security/keys/request_key.o
  AS      arch/arm64/lib/copy_page.o
  CC      security/selinux/netif.o
  CC      mm/maccess.o
  AR      arch/arm64/crypto/aes-ce-blk.o
  CC      security/keys/request_key_auth.o
  CC      mm/page_alloc.o
  AS      arch/arm64/lib/copy_to_user.o
  CC      techpack/audio/ipc/apr_v2.o
  AR      arch/arm64/crypto/aes-neon-blk.o
  CC      block/blk-flush.o
  CC      mm/page-writeback.o
  AR      arch/arm64/crypto/sha256-arm64.o
  CC      mm/readahead.o
  CC      arch/arm64/kernel/cpu_ops.o
  CC      drivers/android/binderfs.o
  CC      net/802/p8022.o
  CC      arch/arm64/lib/csum.o
  CC      sound/core/sound.o
  CC      security/selinux/netnode.o
  CC      techpack/audio/ipc/apr_tal_rpmsg.o
  CC      techpack/audio/soc/pinctrl-wcd.o
  AR      arch/arm64/crypto/aes-arm64.o
  AR      arch/arm64/crypto/built-in.o
  CC      kernel/sysctl.o
  CC      kernel/sysctl_binary.o
  CC      mm/swap.o
  CC      arch/arm64/lib/delay.o
  CC      security/keys/user_defined.o
  AS      arch/arm64/lib/memchr.o
  CC      crypto/compress.o
  CC      crypto/memneq.o
  CC      block/blk-settings.o
  CC      crypto/crypto_wq.o
  CC      net/bluetooth/af_bluetooth.o
  CC      arch/arm64/kernel/insn.o
  CC      fs/super.o
  AR      drivers/amba/built-in.o
  CC      drivers/android/binder.o
  AS      arch/arm64/lib/memcmp.o
  CC      fs/char_dev.o
  CC      net/bpf/test_run.o
  CC      mm/truncate.o
  CC      net/ethernet/eth.o
  CC      techpack/audio/soc/pinctrl-lpi.o
  CC      block/blk-ioc.o
  CC      security/selinux/netport.o
  CC      sound/core/init.o
  CC      net/802/psnap.o
  AS      arch/arm64/lib/memcpy.o
  CC      security/keys/compat.o
  CC      kernel/capability.o
  CC      techpack/audio/ipc/wcd-dsp-glink.o
  AS      arch/arm64/lib/memset.o
  CC      net/bridge/br.o
  CC      drivers/block/brd.o
  CC      arch/arm64/kernel/module.o
  AS      arch/arm64/lib/strchr.o
  AS      arch/arm64/lib/strcmp.o
  CC      net/core/sock.o
  CC      crypto/algapi.o
  CC      techpack/audio/asoc/msm-audio-effects-q6-v2.o
  CC      techpack/audio/soc/regmap-swr.o
  CC      drivers/block/loop.o
  AR      net/bpf/built-in.o
  AS      arch/arm64/lib/strlen.o
  CC      security/keys/proc.o
  CC      mm/vmscan.o
  CC      crypto/scatterwalk.o
  CC      drivers/bluetooth/bluetooth-power.o
  CC      net/bridge/br_device.o
  CC      arch/arm64/kernel/return_address.o
  CC      drivers/base/component.o
  CC      techpack/audio/dsp/msm-audio-event-notify.o
  AS      arch/arm64/lib/strncmp.o
  AS      arch/arm64/lib/strnlen.o
  CC      sound/core/memory.o
  CC      arch/arm64/kernel/cpuinfo.o
  CC      security/selinux/exports.o
  CC      block/blk-map.o
  CC      arch/arm64/kernel/cpu_errata.o
  CC      block/blk-exec.o
  CC      mm/shmem.o
  AS      arch/arm64/lib/strrchr.o
  AR      techpack/audio/ipc/apr_dlkm.o
  CC      techpack/audio/dsp/audio_calibration.o
  CC      block/blk-merge.o
  AR      arch/arm64/lib/lib.a
  CC      net/bluetooth/hci_core.o
  CC      fs/stat.o
  CC      security/keys/sysctl.o
  CC      lib/lockref.o
  CC      net/802/stp.o
  AR      techpack/audio/ipc/wglink_dlkm.o
  CC      kernel/ptrace.o
  EXPORTS arch/arm64/lib/lib-ksyms.o
  AR      net/ethernet/built-in.o
  CC      net/bridge/br_fdb.o
  CC      drivers/android/binder_alloc.o
  CC      kernel/user.o
  CC      drivers/bluetooth/btfm_slim.o
  CC      lib/bcd.o
  CC      crypto/proc.o
  CC      drivers/base/core.o
  CC      security/selinux/ss/ebitmap.o
  AR      techpack/audio/ipc/built-in.o
  CC      sound/core/control.o
  CC      net/bridge/br_forward.o
  CC      arch/arm64/kernel/cpufeature.o
  CC      net/key/af_key.o
  CC      techpack/audio/soc/soundwire.o
  CC      lib/div64.o
  CC      techpack/audio/soc/snd_event.o
  AR      security/keys/built-in.o
  CC      lib/sort.o
  CC      techpack/audio/dsp/audio_cal_utils.o
  CC      lib/parser.o
  CC      security/selinux/ss/hashtab.o
  AR      arch/arm64/lib/built-in.o
  CC      drivers/android/simple_lmk.o
  CC      techpack/audio/dsp/q6adm.o
  CC      drivers/base/bus.o
  CC      techpack/audio/soc/swr-mstr-ctrl.o
  CC      drivers/bluetooth/btfm_slim_codec.o
  CC      techpack/audio/dsp/q6afe.o
  CC      crypto/aead.o
  CC      drivers/block/zram/zcomp.o
  CC      drivers/base/dd.o
  CC      block/blk-softirq.o
  CC      techpack/audio/dsp/codecs/q6audio_v2.o
  CC      techpack/audio/dsp/q6asm.o
  CC      techpack/audio/dsp/q6audio-v2.o
  AR      net/802/built-in.o
  CC      techpack/audio/dsp/codecs/q6audio_v2_aio.o
  CC      mm/util.o
  CC      security/selinux/ss/symtab.o
  CC      techpack/audio/dsp/codecs/audio_utils_aio.o
  CC      fs/exec.o
  CC      kernel/signal.o
  CC      fs/pipe.o
  CC      drivers/block/zram/zram_drv.o
  CC      arch/arm64/kernel/alternative.o
  CC      drivers/bluetooth/btfm_slim_wcn3990.o
  CC      crypto/ablkcipher.o
  CC      net/core/request_sock.o
  AR      drivers/android/built-in.o
  CC      lib/debug_locks.o
  CC      net/ipv6/af_inet6.o
  CC      sound/core/misc.o
  AR      net/key/built-in.o
  CC      security/selinux/ss/sidtab.o
  CC      net/ipv4/route.o
  CC      fs/namei.o
  CC      kernel/sys.o
  CC      net/core/skbuff.o
  CC      net/bridge/br_if.o
  CC      sound/core/device.o
  DTC     arch/arm64/boot/dts/qcom/sdmmagpie.dtb
  CC      net/ipv4/inetpeer.o
  AR      drivers/bluetooth/built-in.o
  CC      lib/random32.o
  CC      arch/arm64/kernel/cacheinfo.o
  CC      drivers/bus/qcom-ebi2.o
  CC      techpack/audio/asoc/msm-compress-q6-v2.o
  CC      block/blk-timeout.o
  CC      kernel/umh.o
  CC      techpack/audio/dsp/q6voice.o
  CC      drivers/base/syscore.o
  CC      net/ipv4/protocol.o
  CC      net/bluetooth/hci_conn.o
  CC      fs/fcntl.o
  CC      arch/arm64/kernel/smp.o
  CC      techpack/audio/dsp/codecs/audio_utils.o
  AR      drivers/block/zram/zram.o
  AR      drivers/block/zram/built-in.o
  CC      net/bridge/br_input.o
  CC      mm/mmzone.o
  CC      mm/vmstat.o
  CC      drivers/char/mem.o
  CC      net/core/datagram.o
  CC      lib/bust_spinlocks.o
  AR      drivers/bus/built-in.o
  AR      drivers/block/built-in.o
  CC      sound/core/info.o
  CC      security/selinux/ss/avtab.o
  DTC     arch/arm64/boot/dts/qcom/sdmmagpie-idp-overlay.dtbo
  AR      techpack/audio/soc/pinctrl_wcd_dlkm.o
  CC      crypto/blkcipher.o
  CC      crypto/skcipher.o
  CC      sound/core/ctljack.o
  CC      net/core/stream.o
  CC      crypto/seqiv.o
  CC      drivers/char/random.o
  CC      net/core/scm.o
  AR      techpack/audio/soc/pinctrl_lpi_dlkm.o
  CC      techpack/audio/asoc/codecs/bolero/bolero-cdc.o
  CC      techpack/audio/dsp/codecs/audio_native.o
  AR      techpack/audio/soc/swr_dlkm.o
  CC      lib/kasprintf.o
  CC      block/blk-lib.o
  CC      techpack/audio/asoc/codecs/bolero/bolero-cdc-utils.o
  CC      lib/bitmap.o
  AR      techpack/audio/soc/snd_event_dlkm.o
  CC      techpack/audio/asoc/msm-dai-fe.o
  CC      techpack/audio/asoc/codecs/bolero/bolero-cdc-regmap.o
  CC      drivers/base/driver.o
  CC      arch/arm64/kernel/smp_spin_table.o
  CC      net/ipv6/anycast.o
  CC      kernel/workqueue.o
  CC      sound/core/jack.o
  CC      drivers/base/class.o
  CC      mm/backing-dev.o
  CC      techpack/audio/dsp/codecs/aac_in.o
  CC      net/core/gen_stats.o
  AR      techpack/audio/soc/swr_ctrl_dlkm.o
  CC      net/ipv4/ip_input.o
  CC      crypto/echainiv.o
  CC      security/selinux/ss/policydb.o
  CC      crypto/ahash.o
  CC      drivers/base/platform.o
  CC      fs/ioctl.o
  CC      lib/scatterlist.o
  CC      net/ipv4/ip_fragment.o
  CC      net/bluetooth/hci_event.o
  AR      techpack/audio/soc/built-in.o
  CC      net/bluetooth/mgmt.o
  CC      net/bridge/br_ioctl.o
  CC      net/ipv6/ip6_output.o
  CC      arch/arm64/kernel/topology.o
  CC      techpack/audio/asoc/msm-dai-q6-hdmi-v2.o
  CC      techpack/audio/asoc/codecs/bolero/bolero-cdc-tables.o
  CC      net/ipv4/ip_forward.o
  CC      techpack/audio/dsp/q6core.o
  CC      sound/core/hwdep.o
  CC      drivers/clk/clk-devres.o
  CC      drivers/base/cpu.o
  CC      block/blk-mq.o
  CC      crypto/shash.o
  CC      techpack/audio/dsp/q6common.o
  CC      net/core/gen_estimator.o
  CC      sound/core/timer.o
  CC      net/ipv6/ip6_input.o
  CC      sound/core/pcm.o
  CC      techpack/audio/asoc/codecs/bolero/wsa-macro.o
  CC      net/ipv4/ip_options.o
  CC      techpack/audio/dsp/codecs/amrnb_in.o
  CC      drivers/char/misc.o
  CC      lib/gcd.o
  CC      sound/core/pcm_native.o
  CC      net/ipv4/ip_output.o
  CC      techpack/audio/dsp/codecs/amrwb_in.o
  AS      arch/arm64/kernel/smccc-call.o
  CC      security/selinux/ss/services.o
  CC      arch/arm64/kernel/sys32.o
  CC      net/bridge/br_stp.o
  CC      drivers/base/firmware.o
  CC      drivers/clk/clk-bulk.o
  CC      sound/core/pcm_lib.o
  CC      drivers/clk/clkdev.o
  CC      lib/lcm.o
  CC      sound/core/pcm_misc.o
  CC      fs/readdir.o
  CC      drivers/clk/clk.o
  CC      lib/list_sort.o
  CC      net/ipv6/addrconf.o
  CC      lib/uuid.o
  CC      mm/mm_init.o
  CC      techpack/audio/asoc/codecs/bolero/va-macro.o
  CC      techpack/audio/asoc/codecs/bolero/tx-macro.o
  CC      drivers/base/init.o
  CC      lib/flex_array.o
  CC      net/ipv4/ip_sockglue.o
  CC      arch/arm64/kernel/signal32.o
  CC      net/ipv4/inet_hashtables.o
  CC      kernel/pid.o
  CC      techpack/audio/dsp/codecs/audio_aac.o
  CC      techpack/audio/dsp/rtac.o
  CC      net/core/net_namespace.o
  CC      drivers/base/map.o
  CC      net/ipv4/inet_timewait_sock.o
  CC      crypto/akcipher.o
  CC      crypto/kpp.o
  CC      techpack/audio/dsp/q6lsm.o
  CC      net/ipv6/addrlabel.o
  CC      net/ipv6/route.o
  CC      net/bridge/br_stp_bpdu.o
  CC      sound/core/pcm_memory.o
  CC      net/bluetooth/hci_sock.o
  CC      net/bluetooth/hci_sysfs.o
  CC      net/core/secure_seq.o
  CC      mm/mmu_context.o
  CC      techpack/audio/dsp/audio_slimslave.o
  CC      crypto/rsapubkey-asn1.o
  CC      drivers/base/devres.o
  CC      drivers/clk/clk-divider.o
  CC      block/blk-mq-tag.o
  CC      security/selinux/ss/conditional.o
  CC      lib/iov_iter.o
  CC      arch/arm64/kernel/sys_compat.o
  CC      fs/select.o
../net/ipv4/inet_hashtables.c:163:3: error: implicit declaration of function 'inet_csk_update_fastreuse' [-Werror,-Wimplicit-function-declaration]
                inet_csk_update_fastreuse(tb, child);
                ^
  CC      lib/clz_ctz.o
../net/ipv4/inet_hashtables.c:163:3: note: did you mean 'inet_csk_update_pmtu'?
../include/net/inet_connection_sock.h:324:19: note: 'inet_csk_update_pmtu' declared here
struct dst_entry *inet_csk_update_pmtu(struct sock *sk, u32 mtu);
                  ^
  CC      net/ipv4/inet_connection_sock.o
1 error generated.
make[3]: *** [../scripts/Makefile.build:367: net/ipv4/inet_hashtables.o] Error 1
make[3]: *** Waiting for unfinished jobs....
  CC      crypto/rsaprivkey-asn1.o
  CC      drivers/char/diag/diagchar_core.o
  CC      techpack/audio/dsp/codecs/audio_alac.o
  CC      net/bridge/br_stp_if.o
  CC      techpack/audio/asoc/codecs/bolero/rx-macro.o
  CC      drivers/clocksource/timer-of.o
  CC      lib/bsearch.o
  CC      fs/dcache.o
  CC      fs/inode.o
  CC      net/bridge/br_stp_timer.o
  CC      net/bridge/br_netlink.o
  AS      arch/arm64/kernel/entry32.o
  CC      crypto/rsa.o
  CC      net/bluetooth/l2cap_core.o
  CC      security/selinux/ss/mls.o
  CC      net/bridge/br_netlink_tunnel.o
  CC      techpack/audio/dsp/adsp_err.o
  CC      drivers/clk/clk-fixed-factor.o
  CC      kernel/task_work.o
  CC      mm/percpu.o
  CC      sound/core/memalloc.o
  CC      arch/arm64/kernel/arm64ksyms.o
  CC      drivers/base/attribute_container.o
  CC      net/bluetooth/l2cap_sock.o
  CC      drivers/clocksource/timer-probe.o
  CC      techpack/audio/dsp/codecs/audio_amrnb.o
  CC      kernel/extable.o
  CC      sound/core/pcm_timer.o
  CC      net/core/flow_dissector.o
  CC      techpack/audio/dsp/codecs/audio_amrwb.o
